2024-03-06 17:31:38.595 | DEBUG    | imageautomation.utilities:debug:100 - Working directory confirmed/created: /home/chuckcage/.burstrender/working
2024-03-06 17:31:38.597 | DEBUG    | imageautomation.utilities:debug:100 - Removed files: /home/chuckcage/.burstrender/working/*.png
2024-03-06 17:31:38.597 | DEBUG    | imageautomation.utilities:debug:100 - Removed files: /home/chuckcage/.burstrender/working/*.trf
2024-03-06 17:31:38.598 | DEBUG    | imageautomation.utilities:debug:100 - Removed files: /home/chuckcage/.burstrender/working/*.mp4
2024-03-06 17:31:38.599 | DEBUG    | imageautomation.utilities:debug:100 - Removed files: /home/chuckcage/.burstrender/working/*.gif
2024-03-06 17:31:38.599 | DEBUG    | imageautomation.utilities:debug:100 - Cleared working directory: /home/chuckcage/.burstrender/working
2024-03-06 17:31:38.599 | DEBUG    | imageautomation.utilities:debug:100 - Default source path: /home/chuckcage/Insync/chuckcage@corporation3355.org/Google Drive/SportsPhotos/Burst Photos
2024-03-06 17:31:38.599 | DEBUG    | imageautomation.utilities:debug:100 - Default destination path: /home/chuckcage/gitlab/burstrender
2024-03-06 17:31:38.599 | DEBUG    | imageautomation.utilities:debug:100 - Default seconds between bursts: 2
2024-03-06 17:31:38.599 | DEBUG    | imageautomation.utilities:debug:100 - Default minimum burst length: 10
2024-03-06 17:31:42.686 | DEBUG    | imageautomation.utilities:debug:100 - Extracted EXIF data from 163 CR3 files
2024-03-06 17:31:42.710 | DEBUG    | imageautomation.utilities:debug:100 - Detected 3 burst(s)
2024-03-06 17:31:42.710 | DEBUG    | imageautomation.utilities:debug:100 - Processing burst 1
2024-03-06 17:31:45.684 | DEBUG    | imageautomation.utilities:debug:100 - Converted /home/chuckcage/Insync/chuckcage@corporation3355.org/Google Drive/SportsPhotos/Burst Photos/Copy of G05 South Side 00085.CR3 to burst_1.png
2024-03-06 17:31:48.695 | DEBUG    | imageautomation.utilities:debug:100 - Converted /home/chuckcage/Insync/chuckcage@corporation3355.org/Google Drive/SportsPhotos/Burst Photos/Copy of G05 South Side 00084.CR3 to burst_1.png
2024-03-06 17:31:51.674 | DEBUG    | imageautomation.utilities:debug:100 - Converted /home/chuckcage/Insync/chuckcage@corporation3355.org/Google Drive/SportsPhotos/Burst Photos/Copy of G05 South Side 00086.CR3 to burst_1.png
2024-03-06 17:31:54.637 | DEBUG    | imageautomation.utilities:debug:100 - Converted /home/chuckcage/Insync/chuckcage@corporation3355.org/Google Drive/SportsPhotos/Burst Photos/Copy of G05 South Side 00087.CR3 to burst_1.png
2024-03-06 17:31:57.659 | DEBUG    | imageautomation.utilities:debug:100 - Converted /home/chuckcage/Insync/chuckcage@corporation3355.org/Google Drive/SportsPhotos/Burst Photos/Copy of G05 South Side 00088.CR3 to burst_1.png
2024-03-06 17:32:00.639 | DEBUG    | imageautomation.utilities:debug:100 - Converted /home/chuckcage/Insync/chuckcage@corporation3355.org/Google Drive/SportsPhotos/Burst Photos/Copy of G05 South Side 00089.CR3 to burst_1.png
2024-03-06 17:32:03.628 | DEBUG    | imageautomation.utilities:debug:100 - Converted /home/chuckcage/Insync/chuckcage@corporation3355.org/Google Drive/SportsPhotos/Burst Photos/Copy of G05 South Side 00090.CR3 to burst_1.png
2024-03-06 17:32:06.633 | DEBUG    | imageautomation.utilities:debug:100 - Converted /home/chuckcage/Insync/chuckcage@corporation3355.org/Google Drive/SportsPhotos/Burst Photos/Copy of G05 South Side 00091.CR3 to burst_1.png
2024-03-06 17:32:09.634 | DEBUG    | imageautomation.utilities:debug:100 - Converted /home/chuckcage/Insync/chuckcage@corporation3355.org/Google Drive/SportsPhotos/Burst Photos/Copy of G05 South Side 00092.CR3 to burst_1.png
2024-03-06 17:32:12.633 | DEBUG    | imageautomation.utilities:debug:100 - Converted /home/chuckcage/Insync/chuckcage@corporation3355.org/Google Drive/SportsPhotos/Burst Photos/Copy of G05 South Side 00093.CR3 to burst_1.png
2024-03-06 17:32:15.663 | DEBUG    | imageautomation.utilities:debug:100 - Converted /home/chuckcage/Insync/chuckcage@corporation3355.org/Google Drive/SportsPhotos/Burst Photos/Copy of G05 South Side 00094.CR3 to burst_1.png
2024-03-06 17:32:18.656 | DEBUG    | imageautomation.utilities:debug:100 - Converted /home/chuckcage/Insync/chuckcage@corporation3355.org/Google Drive/SportsPhotos/Burst Photos/Copy of G05 South Side 00095.CR3 to burst_1.png
2024-03-06 17:32:21.666 | DEBUG    | imageautomation.utilities:debug:100 - Converted /home/chuckcage/Insync/chuckcage@corporation3355.org/Google Drive/SportsPhotos/Burst Photos/Copy of G05 South Side 00096.CR3 to burst_1.png
2024-03-06 17:32:24.671 | DEBUG    | imageautomation.utilities:debug:100 - Converted /home/chuckcage/Insync/chuckcage@corporation3355.org/Google Drive/SportsPhotos/Burst Photos/Copy of G05 South Side 00097.CR3 to burst_1.png
2024-03-06 17:32:27.674 | DEBUG    | imageautomation.utilities:debug:100 - Converted /home/chuckcage/Insync/chuckcage@corporation3355.org/Google Drive/SportsPhotos/Burst Photos/Copy of G05 South Side 00098.CR3 to burst_1.png
2024-03-06 17:32:30.692 | DEBUG    | imageautomation.utilities:debug:100 - Converted /home/chuckcage/Insync/chuckcage@corporation3355.org/Google Drive/SportsPhotos/Burst Photos/Copy of G05 South Side 00099.CR3 to burst_1.png
2024-03-06 17:32:33.695 | DEBUG    | imageautomation.utilities:debug:100 - Converted /home/chuckcage/Insync/chuckcage@corporation3355.org/Google Drive/SportsPhotos/Burst Photos/Copy of G05 South Side 00100.CR3 to burst_1.png
2024-03-06 17:32:36.668 | DEBUG    | imageautomation.utilities:debug:100 - Converted /home/chuckcage/Insync/chuckcage@corporation3355.org/Google Drive/SportsPhotos/Burst Photos/Copy of G05 South Side 00101.CR3 to burst_1.png
2024-03-06 17:32:39.701 | DEBUG    | imageautomation.utilities:debug:100 - Converted /home/chuckcage/Insync/chuckcage@corporation3355.org/Google Drive/SportsPhotos/Burst Photos/Copy of G05 South Side 00102.CR3 to burst_1.png
2024-03-06 17:32:42.686 | DEBUG    | imageautomation.utilities:debug:100 - Converted /home/chuckcage/Insync/chuckcage@corporation3355.org/Google Drive/SportsPhotos/Burst Photos/Copy of G05 South Side 00103.CR3 to burst_1.png
2024-03-06 17:32:45.669 | DEBUG    | imageautomation.utilities:debug:100 - Converted /home/chuckcage/Insync/chuckcage@corporation3355.org/Google Drive/SportsPhotos/Burst Photos/Copy of G05 South Side 00104.CR3 to burst_1.png
2024-03-06 17:32:48.719 | DEBUG    | imageautomation.utilities:debug:100 - Converted /home/chuckcage/Insync/chuckcage@corporation3355.org/Google Drive/SportsPhotos/Burst Photos/Copy of G05 South Side 00105.CR3 to burst_1.png
2024-03-06 17:32:51.720 | DEBUG    | imageautomation.utilities:debug:100 - Converted /home/chuckcage/Insync/chuckcage@corporation3355.org/Google Drive/SportsPhotos/Burst Photos/Copy of G05 South Side 00106.CR3 to burst_1.png
2024-03-06 17:32:54.703 | DEBUG    | imageautomation.utilities:debug:100 - Converted /home/chuckcage/Insync/chuckcage@corporation3355.org/Google Drive/SportsPhotos/Burst Photos/Copy of G05 South Side 00107.CR3 to burst_1.png
2024-03-06 17:32:57.677 | DEBUG    | imageautomation.utilities:debug:100 - Converted /home/chuckcage/Insync/chuckcage@corporation3355.org/Google Drive/SportsPhotos/Burst Photos/Copy of G05 South Side 00108.CR3 to burst_1.png
2024-03-06 17:33:00.704 | DEBUG    | imageautomation.utilities:debug:100 - Converted /home/chuckcage/Insync/chuckcage@corporation3355.org/Google Drive/SportsPhotos/Burst Photos/Copy of G05 South Side 00109.CR3 to burst_1.png
2024-03-06 17:33:03.689 | DEBUG    | imageautomation.utilities:debug:100 - Converted /home/chuckcage/Insync/chuckcage@corporation3355.org/Google Drive/SportsPhotos/Burst Photos/Copy of G05 South Side 00110.CR3 to burst_1.png
2024-03-06 17:33:06.702 | DEBUG    | imageautomation.utilities:debug:100 - Converted /home/chuckcage/Insync/chuckcage@corporation3355.org/Google Drive/SportsPhotos/Burst Photos/Copy of G05 South Side 00111.CR3 to burst_1.png
2024-03-06 17:33:09.714 | DEBUG    | imageautomation.utilities:debug:100 - Converted /home/chuckcage/Insync/chuckcage@corporation3355.org/Google Drive/SportsPhotos/Burst Photos/Copy of G05 South Side 00112.CR3 to burst_1.png
2024-03-06 17:33:12.715 | DEBUG    | imageautomation.utilities:debug:100 - Converted /home/chuckcage/Insync/chuckcage@corporation3355.org/Google Drive/SportsPhotos/Burst Photos/Copy of G05 South Side 00113.CR3 to burst_1.png
2024-03-06 17:33:15.718 | DEBUG    | imageautomation.utilities:debug:100 - Converted /home/chuckcage/Insync/chuckcage@corporation3355.org/Google Drive/SportsPhotos/Burst Photos/Copy of G05 South Side 00114.CR3 to burst_1.png
2024-03-06 17:33:18.758 | DEBUG    | imageautomation.utilities:debug:100 - Converted /home/chuckcage/Insync/chuckcage@corporation3355.org/Google Drive/SportsPhotos/Burst Photos/Copy of G05 South Side 00115.CR3 to burst_1.png
2024-03-06 17:33:21.737 | DEBUG    | imageautomation.utilities:debug:100 - Converted /home/chuckcage/Insync/chuckcage@corporation3355.org/Google Drive/SportsPhotos/Burst Photos/Copy of G05 South Side 00116.CR3 to burst_1.png
2024-03-06 17:33:24.765 | DEBUG    | imageautomation.utilities:debug:100 - Converted /home/chuckcage/Insync/chuckcage@corporation3355.org/Google Drive/SportsPhotos/Burst Photos/Copy of G05 South Side 00117.CR3 to burst_1.png
2024-03-06 17:33:27.784 | DEBUG    | imageautomation.utilities:debug:100 - Converted /home/chuckcage/Insync/chuckcage@corporation3355.org/Google Drive/SportsPhotos/Burst Photos/Copy of G05 South Side 00118.CR3 to burst_1.png
2024-03-06 17:33:30.745 | DEBUG    | imageautomation.utilities:debug:100 - Converted /home/chuckcage/Insync/chuckcage@corporation3355.org/Google Drive/SportsPhotos/Burst Photos/Copy of G05 South Side 00119.CR3 to burst_1.png
2024-03-06 17:33:33.753 | DEBUG    | imageautomation.utilities:debug:100 - Converted /home/chuckcage/Insync/chuckcage@corporation3355.org/Google Drive/SportsPhotos/Burst Photos/Copy of G05 South Side 00120.CR3 to burst_1.png
2024-03-06 17:33:36.762 | DEBUG    | imageautomation.utilities:debug:100 - Converted /home/chuckcage/Insync/chuckcage@corporation3355.org/Google Drive/SportsPhotos/Burst Photos/Copy of G05 South Side 00121.CR3 to burst_1.png
2024-03-06 17:33:39.751 | DEBUG    | imageautomation.utilities:debug:100 - Converted /home/chuckcage/Insync/chuckcage@corporation3355.org/Google Drive/SportsPhotos/Burst Photos/Copy of G05 South Side 00122.CR3 to burst_1.png
2024-03-06 17:33:42.765 | DEBUG    | imageautomation.utilities:debug:100 - Converted /home/chuckcage/Insync/chuckcage@corporation3355.org/Google Drive/SportsPhotos/Burst Photos/Copy of G05 South Side 00123.CR3 to burst_1.png
2024-03-06 17:33:45.770 | DEBUG    | imageautomation.utilities:debug:100 - Converted /home/chuckcage/Insync/chuckcage@corporation3355.org/Google Drive/SportsPhotos/Burst Photos/Copy of G05 South Side 00124.CR3 to burst_1.png
2024-03-06 17:33:48.777 | DEBUG    | imageautomation.utilities:debug:100 - Converted /home/chuckcage/Insync/chuckcage@corporation3355.org/Google Drive/SportsPhotos/Burst Photos/Copy of G05 South Side 00125.CR3 to burst_1.png
2024-03-06 17:33:51.795 | DEBUG    | imageautomation.utilities:debug:100 - Converted /home/chuckcage/Insync/chuckcage@corporation3355.org/Google Drive/SportsPhotos/Burst Photos/Copy of G05 South Side 00126.CR3 to burst_1.png
2024-03-06 17:33:54.779 | DEBUG    | imageautomation.utilities:debug:100 - Converted /home/chuckcage/Insync/chuckcage@corporation3355.org/Google Drive/SportsPhotos/Burst Photos/Copy of G05 South Side 00127.CR3 to burst_1.png
2024-03-06 17:33:57.781 | DEBUG    | imageautomation.utilities:debug:100 - Converted /home/chuckcage/Insync/chuckcage@corporation3355.org/Google Drive/SportsPhotos/Burst Photos/Copy of G05 South Side 00128.CR3 to burst_1.png
2024-03-06 17:34:00.812 | DEBUG    | imageautomation.utilities:debug:100 - Converted /home/chuckcage/Insync/chuckcage@corporation3355.org/Google Drive/SportsPhotos/Burst Photos/Copy of G05 South Side 00129.CR3 to burst_1.png
2024-03-06 17:34:03.795 | DEBUG    | imageautomation.utilities:debug:100 - Converted /home/chuckcage/Insync/chuckcage@corporation3355.org/Google Drive/SportsPhotos/Burst Photos/Copy of G05 South Side 00130.CR3 to burst_1.png
2024-03-06 17:34:06.753 | DEBUG    | imageautomation.utilities:debug:100 - Converted /home/chuckcage/Insync/chuckcage@corporation3355.org/Google Drive/SportsPhotos/Burst Photos/Copy of G05 South Side 00131.CR3 to burst_1.png
2024-03-06 17:34:09.727 | DEBUG    | imageautomation.utilities:debug:100 - Converted /home/chuckcage/Insync/chuckcage@corporation3355.org/Google Drive/SportsPhotos/Burst Photos/Copy of G05 South Side 00132.CR3 to burst_1.png
2024-03-06 17:34:12.727 | DEBUG    | imageautomation.utilities:debug:100 - Converted /home/chuckcage/Insync/chuckcage@corporation3355.org/Google Drive/SportsPhotos/Burst Photos/Copy of G05 South Side 00133.CR3 to burst_1.png
2024-03-06 17:34:14.224 | DEBUG    | imageautomation.utilities:debug:100 - Created burst_1.mp4
2024-03-06 17:34:14.224 | DEBUG    | imageautomation.utilities:debug:100 - Created MP4 from PNGs for burst_1
2024-03-06 17:34:15.342 | DEBUG    | imageautomation.utilities:debug:100 - Stabilization analysis complete for burst_1.mp4
2024-03-06 17:34:17.217 | DEBUG    | imageautomation.utilities:debug:100 - Stabilized MP4 for burst_1
2024-03-06 17:34:18.755 | DEBUG    | imageautomation.utilities:debug:100 - Created burst_1.gif
2024-03-06 17:34:18.755 | DEBUG    | imageautomation.utilities:debug:100 - Created GIF from MP4 for burst_1
2024-03-06 17:34:18.757 | DEBUG    | imageautomation.utilities:debug:100 - Moved /home/chuckcage/.burstrender/working/burst_1.mp4 to /home/chuckcage/gitlab/burstrender/burst_1.mp4
2024-03-06 17:34:18.758 | DEBUG    | imageautomation.utilities:debug:100 - Moved /home/chuckcage/.burstrender/working/burst_1-stabilized.mp4 to /home/chuckcage/gitlab/burstrender/burst_1-stabilized.mp4
2024-03-06 17:34:18.759 | DEBUG    | imageautomation.utilities:debug:100 - Moved /home/chuckcage/.burstrender/working/burst_1.gif to /home/chuckcage/gitlab/burstrender/burst_1.gif
2024-03-06 17:34:18.772 | DEBUG    | imageautomation.utilities:debug:100 - Removed files: /home/chuckcage/.burstrender/working/burst_1-image_*.png
2024-03-06 17:34:18.773 | DEBUG    | imageautomation.utilities:debug:100 - Removed files: /home/chuckcage/.burstrender/working/burst_1.trf
2024-03-06 17:34:18.773 | SUCCESS  | imageautomation.utilities:success:104 - Completed burst 1
2024-03-06 17:34:18.773 | DEBUG    | imageautomation.utilities:debug:100 - Processing burst 2
2024-03-06 17:34:21.815 | DEBUG    | imageautomation.utilities:debug:100 - Converted /home/chuckcage/Insync/chuckcage@corporation3355.org/Google Drive/SportsPhotos/Burst Photos/Copy of G05 South Side 00664.CR3 to burst_2.png
2024-03-06 17:34:24.836 | DEBUG    | imageautomation.utilities:debug:100 - Converted /home/chuckcage/Insync/chuckcage@corporation3355.org/Google Drive/SportsPhotos/Burst Photos/Copy of G05 South Side 00663.CR3 to burst_2.png
2024-03-06 17:34:27.904 | DEBUG    | imageautomation.utilities:debug:100 - Converted /home/chuckcage/Insync/chuckcage@corporation3355.org/Google Drive/SportsPhotos/Burst Photos/Copy of G05 South Side 00665.CR3 to burst_2.png
2024-03-06 17:34:30.969 | DEBUG    | imageautomation.utilities:debug:100 - Converted /home/chuckcage/Insync/chuckcage@corporation3355.org/Google Drive/SportsPhotos/Burst Photos/Copy of G05 South Side 00666.CR3 to burst_2.png
2024-03-06 17:34:34.017 | DEBUG    | imageautomation.utilities:debug:100 - Converted /home/chuckcage/Insync/chuckcage@corporation3355.org/Google Drive/SportsPhotos/Burst Photos/Copy of G05 South Side 00667.CR3 to burst_2.png
2024-03-06 17:34:37.143 | DEBUG    | imageautomation.utilities:debug:100 - Converted /home/chuckcage/Insync/chuckcage@corporation3355.org/Google Drive/SportsPhotos/Burst Photos/Copy of G05 South Side 00668 (2).CR3 to burst_2.png
2024-03-06 17:34:40.205 | DEBUG    | imageautomation.utilities:debug:100 - Converted /home/chuckcage/Insync/chuckcage@corporation3355.org/Google Drive/SportsPhotos/Burst Photos/Copy of G05 South Side 00668.CR3 to burst_2.png
2024-03-06 17:34:43.264 | DEBUG    | imageautomation.utilities:debug:100 - Converted /home/chuckcage/Insync/chuckcage@corporation3355.org/Google Drive/SportsPhotos/Burst Photos/Copy of G05 South Side 00669 (2).CR3 to burst_2.png
2024-03-06 17:34:46.339 | DEBUG    | imageautomation.utilities:debug:100 - Converted /home/chuckcage/Insync/chuckcage@corporation3355.org/Google Drive/SportsPhotos/Burst Photos/Copy of G05 South Side 00669.CR3 to burst_2.png
2024-03-06 17:34:49.411 | DEBUG    | imageautomation.utilities:debug:100 - Converted /home/chuckcage/Insync/chuckcage@corporation3355.org/Google Drive/SportsPhotos/Burst Photos/Copy of G05 South Side 00670 (2).CR3 to burst_2.png
2024-03-06 17:34:52.465 | DEBUG    | imageautomation.utilities:debug:100 - Converted /home/chuckcage/Insync/chuckcage@corporation3355.org/Google Drive/SportsPhotos/Burst Photos/Copy of G05 South Side 00670.CR3 to burst_2.png
2024-03-06 17:34:55.534 | DEBUG    | imageautomation.utilities:debug:100 - Converted /home/chuckcage/Insync/chuckcage@corporation3355.org/Google Drive/SportsPhotos/Burst Photos/Copy of G05 South Side 00671.CR3 to burst_2.png
2024-03-06 17:34:58.624 | DEBUG    | imageautomation.utilities:debug:100 - Converted /home/chuckcage/Insync/chuckcage@corporation3355.org/Google Drive/SportsPhotos/Burst Photos/Copy of G05 South Side 00671 (2).CR3 to burst_2.png
2024-03-06 17:35:01.757 | DEBUG    | imageautomation.utilities:debug:100 - Converted /home/chuckcage/Insync/chuckcage@corporation3355.org/Google Drive/SportsPhotos/Burst Photos/Copy of G05 South Side 00672.CR3 to burst_2.png
2024-03-06 17:35:04.872 | DEBUG    | imageautomation.utilities:debug:100 - Converted /home/chuckcage/Insync/chuckcage@corporation3355.org/Google Drive/SportsPhotos/Burst Photos/Copy of G05 South Side 00673.CR3 to burst_2.png
2024-03-06 17:35:07.978 | DEBUG    | imageautomation.utilities:debug:100 - Converted /home/chuckcage/Insync/chuckcage@corporation3355.org/Google Drive/SportsPhotos/Burst Photos/Copy of G05 South Side 00673 (2).CR3 to burst_2.png
2024-03-06 17:35:11.103 | DEBUG    | imageautomation.utilities:debug:100 - Converted /home/chuckcage/Insync/chuckcage@corporation3355.org/Google Drive/SportsPhotos/Burst Photos/Copy of G05 South Side 00674.CR3 to burst_2.png
2024-03-06 17:35:14.190 | DEBUG    | imageautomation.utilities:debug:100 - Converted /home/chuckcage/Insync/chuckcage@corporation3355.org/Google Drive/SportsPhotos/Burst Photos/Copy of G05 South Side 00674 (2).CR3 to burst_2.png
2024-03-06 17:35:17.299 | DEBUG    | imageautomation.utilities:debug:100 - Converted /home/chuckcage/Insync/chuckcage@corporation3355.org/Google Drive/SportsPhotos/Burst Photos/Copy of G05 South Side 00675.CR3 to burst_2.png
2024-03-06 17:35:20.383 | DEBUG    | imageautomation.utilities:debug:100 - Converted /home/chuckcage/Insync/chuckcage@corporation3355.org/Google Drive/SportsPhotos/Burst Photos/Copy of G05 South Side 00675 (2).CR3 to burst_2.png
2024-03-06 17:35:23.477 | DEBUG    | imageautomation.utilities:debug:100 - Converted /home/chuckcage/Insync/chuckcage@corporation3355.org/Google Drive/SportsPhotos/Burst Photos/Copy of G05 South Side 00676.CR3 to burst_2.png
2024-03-06 17:35:26.517 | DEBUG    | imageautomation.utilities:debug:100 - Converted /home/chuckcage/Insync/chuckcage@corporation3355.org/Google Drive/SportsPhotos/Burst Photos/Copy of G05 South Side 00677.CR3 to burst_2.png
2024-03-06 17:35:29.598 | DEBUG    | imageautomation.utilities:debug:100 - Converted /home/chuckcage/Insync/chuckcage@corporation3355.org/Google Drive/SportsPhotos/Burst Photos/Copy of G05 South Side 00677 (2).CR3 to burst_2.png
2024-03-06 17:35:32.657 | DEBUG    | imageautomation.utilities:debug:100 - Converted /home/chuckcage/Insync/chuckcage@corporation3355.org/Google Drive/SportsPhotos/Burst Photos/Copy of G05 South Side 00678.CR3 to burst_2.png
2024-03-06 17:35:35.734 | DEBUG    | imageautomation.utilities:debug:100 - Converted /home/chuckcage/Insync/chuckcage@corporation3355.org/Google Drive/SportsPhotos/Burst Photos/Copy of G05 South Side 00679.CR3 to burst_2.png
2024-03-06 17:35:38.819 | DEBUG    | imageautomation.utilities:debug:100 - Converted /home/chuckcage/Insync/chuckcage@corporation3355.org/Google Drive/SportsPhotos/Burst Photos/Copy of G05 South Side 00680.CR3 to burst_2.png
2024-03-06 17:35:41.864 | DEBUG    | imageautomation.utilities:debug:100 - Converted /home/chuckcage/Insync/chuckcage@corporation3355.org/Google Drive/SportsPhotos/Burst Photos/Copy of G05 South Side 00681.CR3 to burst_2.png
2024-03-06 17:35:44.922 | DEBUG    | imageautomation.utilities:debug:100 - Converted /home/chuckcage/Insync/chuckcage@corporation3355.org/Google Drive/SportsPhotos/Burst Photos/Copy of G05 South Side 00682.CR3 to burst_2.png
2024-03-06 17:35:47.942 | DEBUG    | imageautomation.utilities:debug:100 - Converted /home/chuckcage/Insync/chuckcage@corporation3355.org/Google Drive/SportsPhotos/Burst Photos/Copy of G05 South Side 00683.CR3 to burst_2.png
2024-03-06 17:35:50.975 | DEBUG    | imageautomation.utilities:debug:100 - Converted /home/chuckcage/Insync/chuckcage@corporation3355.org/Google Drive/SportsPhotos/Burst Photos/Copy of G05 South Side 00684.CR3 to burst_2.png
2024-03-06 17:35:54.024 | DEBUG    | imageautomation.utilities:debug:100 - Converted /home/chuckcage/Insync/chuckcage@corporation3355.org/Google Drive/SportsPhotos/Burst Photos/Copy of G05 South Side 00685.CR3 to burst_2.png
2024-03-06 17:35:57.078 | DEBUG    | imageautomation.utilities:debug:100 - Converted /home/chuckcage/Insync/chuckcage@corporation3355.org/Google Drive/SportsPhotos/Burst Photos/Copy of G05 South Side 00686.CR3 to burst_2.png
2024-03-06 17:36:00.126 | DEBUG    | imageautomation.utilities:debug:100 - Converted /home/chuckcage/Insync/chuckcage@corporation3355.org/Google Drive/SportsPhotos/Burst Photos/Copy of G05 South Side 00687.CR3 to burst_2.png
2024-03-06 17:36:03.168 | DEBUG    | imageautomation.utilities:debug:100 - Converted /home/chuckcage/Insync/chuckcage@corporation3355.org/Google Drive/SportsPhotos/Burst Photos/Copy of G05 South Side 00688.CR3 to burst_2.png
2024-03-06 17:36:06.195 | DEBUG    | imageautomation.utilities:debug:100 - Converted /home/chuckcage/Insync/chuckcage@corporation3355.org/Google Drive/SportsPhotos/Burst Photos/Copy of G05 South Side 00689.CR3 to burst_2.png
2024-03-06 17:36:09.215 | DEBUG    | imageautomation.utilities:debug:100 - Converted /home/chuckcage/Insync/chuckcage@corporation3355.org/Google Drive/SportsPhotos/Burst Photos/Copy of G05 South Side 00690.CR3 to burst_2.png
2024-03-06 17:36:12.248 | DEBUG    | imageautomation.utilities:debug:100 - Converted /home/chuckcage/Insync/chuckcage@corporation3355.org/Google Drive/SportsPhotos/Burst Photos/Copy of G05 South Side 00691.CR3 to burst_2.png
2024-03-06 17:36:15.294 | DEBUG    | imageautomation.utilities:debug:100 - Converted /home/chuckcage/Insync/chuckcage@corporation3355.org/Google Drive/SportsPhotos/Burst Photos/Copy of G05 South Side 00692.CR3 to burst_2.png
2024-03-06 17:36:18.322 | DEBUG    | imageautomation.utilities:debug:100 - Converted /home/chuckcage/Insync/chuckcage@corporation3355.org/Google Drive/SportsPhotos/Burst Photos/Copy of G05 South Side 00693.CR3 to burst_2.png
2024-03-06 17:36:21.354 | DEBUG    | imageautomation.utilities:debug:100 - Converted /home/chuckcage/Insync/chuckcage@corporation3355.org/Google Drive/SportsPhotos/Burst Photos/Copy of G05 South Side 00694.CR3 to burst_2.png
2024-03-06 17:36:24.392 | DEBUG    | imageautomation.utilities:debug:100 - Converted /home/chuckcage/Insync/chuckcage@corporation3355.org/Google Drive/SportsPhotos/Burst Photos/Copy of G05 South Side 00695.CR3 to burst_2.png
2024-03-06 17:36:27.448 | DEBUG    | imageautomation.utilities:debug:100 - Converted /home/chuckcage/Insync/chuckcage@corporation3355.org/Google Drive/SportsPhotos/Burst Photos/Copy of G05 South Side 00696.CR3 to burst_2.png
2024-03-06 17:36:30.477 | DEBUG    | imageautomation.utilities:debug:100 - Converted /home/chuckcage/Insync/chuckcage@corporation3355.org/Google Drive/SportsPhotos/Burst Photos/Copy of G05 South Side 00697.CR3 to burst_2.png
2024-03-06 17:36:33.517 | DEBUG    | imageautomation.utilities:debug:100 - Converted /home/chuckcage/Insync/chuckcage@corporation3355.org/Google Drive/SportsPhotos/Burst Photos/Copy of G05 South Side 00698.CR3 to burst_2.png
2024-03-06 17:36:36.556 | DEBUG    | imageautomation.utilities:debug:100 - Converted /home/chuckcage/Insync/chuckcage@corporation3355.org/Google Drive/SportsPhotos/Burst Photos/Copy of G05 South Side 00699.CR3 to burst_2.png
2024-03-06 17:36:39.585 | DEBUG    | imageautomation.utilities:debug:100 - Converted /home/chuckcage/Insync/chuckcage@corporation3355.org/Google Drive/SportsPhotos/Burst Photos/Copy of G05 South Side 00700.CR3 to burst_2.png
2024-03-06 17:36:42.596 | DEBUG    | imageautomation.utilities:debug:100 - Converted /home/chuckcage/Insync/chuckcage@corporation3355.org/Google Drive/SportsPhotos/Burst Photos/Copy of G05 South Side 00701.CR3 to burst_2.png
2024-03-06 17:36:45.589 | DEBUG    | imageautomation.utilities:debug:100 - Converted /home/chuckcage/Insync/chuckcage@corporation3355.org/Google Drive/SportsPhotos/Burst Photos/Copy of G05 South Side 00702.CR3 to burst_2.png
2024-03-06 17:36:48.590 | DEBUG    | imageautomation.utilities:debug:100 - Converted /home/chuckcage/Insync/chuckcage@corporation3355.org/Google Drive/SportsPhotos/Burst Photos/Copy of G05 South Side 00703.CR3 to burst_2.png
2024-03-06 17:36:51.592 | DEBUG    | imageautomation.utilities:debug:100 - Converted /home/chuckcage/Insync/chuckcage@corporation3355.org/Google Drive/SportsPhotos/Burst Photos/Copy of G05 South Side 00704.CR3 to burst_2.png
2024-03-06 17:36:54.598 | DEBUG    | imageautomation.utilities:debug:100 - Converted /home/chuckcage/Insync/chuckcage@corporation3355.org/Google Drive/SportsPhotos/Burst Photos/Copy of G05 South Side 00705.CR3 to burst_2.png
2024-03-06 17:36:57.624 | DEBUG    | imageautomation.utilities:debug:100 - Converted /home/chuckcage/Insync/chuckcage@corporation3355.org/Google Drive/SportsPhotos/Burst Photos/Copy of G05 South Side 00706.CR3 to burst_2.png
2024-03-06 17:37:00.691 | DEBUG    | imageautomation.utilities:debug:100 - Converted /home/chuckcage/Insync/chuckcage@corporation3355.org/Google Drive/SportsPhotos/Burst Photos/Copy of G05 South Side 00707.CR3 to burst_2.png
2024-03-06 17:37:03.714 | DEBUG    | imageautomation.utilities:debug:100 - Converted /home/chuckcage/Insync/chuckcage@corporation3355.org/Google Drive/SportsPhotos/Burst Photos/Copy of G05 South Side 00708.CR3 to burst_2.png
2024-03-06 17:37:06.760 | DEBUG    | imageautomation.utilities:debug:100 - Converted /home/chuckcage/Insync/chuckcage@corporation3355.org/Google Drive/SportsPhotos/Burst Photos/Copy of G05 South Side 00709.CR3 to burst_2.png
2024-03-06 17:37:09.805 | DEBUG    | imageautomation.utilities:debug:100 - Converted /home/chuckcage/Insync/chuckcage@corporation3355.org/Google Drive/SportsPhotos/Burst Photos/Copy of G05 South Side 00710.CR3 to burst_2.png
2024-03-06 17:37:12.843 | DEBUG    | imageautomation.utilities:debug:100 - Converted /home/chuckcage/Insync/chuckcage@corporation3355.org/Google Drive/SportsPhotos/Burst Photos/Copy of G05 South Side 00711.CR3 to burst_2.png
2024-03-06 17:37:15.925 | DEBUG    | imageautomation.utilities:debug:100 - Converted /home/chuckcage/Insync/chuckcage@corporation3355.org/Google Drive/SportsPhotos/Burst Photos/Copy of G05 South Side 00712.CR3 to burst_2.png
2024-03-06 17:37:17.556 | DEBUG    | imageautomation.utilities:debug:100 - Created burst_2.mp4
2024-03-06 17:37:17.556 | DEBUG    | imageautomation.utilities:debug:100 - Created MP4 from PNGs for burst_2
2024-03-06 17:37:18.813 | DEBUG    | imageautomation.utilities:debug:100 - Stabilization analysis complete for burst_2.mp4
2024-03-06 17:37:20.881 | DEBUG    | imageautomation.utilities:debug:100 - Stabilized MP4 for burst_2
2024-03-06 17:37:22.700 | DEBUG    | imageautomation.utilities:debug:100 - Created burst_2.gif
2024-03-06 17:37:22.700 | DEBUG    | imageautomation.utilities:debug:100 - Created GIF from MP4 for burst_2
2024-03-06 17:37:22.702 | DEBUG    | imageautomation.utilities:debug:100 - Moved /home/chuckcage/.burstrender/working/burst_2.mp4 to /home/chuckcage/gitlab/burstrender/burst_2.mp4
2024-03-06 17:37:22.703 | DEBUG    | imageautomation.utilities:debug:100 - Moved /home/chuckcage/.burstrender/working/burst_2-stabilized.mp4 to /home/chuckcage/gitlab/burstrender/burst_2-stabilized.mp4
2024-03-06 17:37:22.705 | DEBUG    | imageautomation.utilities:debug:100 - Moved /home/chuckcage/.burstrender/working/burst_2.gif to /home/chuckcage/gitlab/burstrender/burst_2.gif
2024-03-06 17:37:22.719 | DEBUG    | imageautomation.utilities:debug:100 - Removed files: /home/chuckcage/.burstrender/working/burst_2-image_*.png
2024-03-06 17:37:22.720 | DEBUG    | imageautomation.utilities:debug:100 - Removed files: /home/chuckcage/.burstrender/working/burst_2.trf
2024-03-06 17:37:22.720 | SUCCESS  | imageautomation.utilities:success:104 - Completed burst 2
2024-03-06 17:37:22.720 | DEBUG    | imageautomation.utilities:debug:100 - Processing burst 3
2024-03-06 17:37:25.753 | DEBUG    | imageautomation.utilities:debug:100 - Converted /home/chuckcage/Insync/chuckcage@corporation3355.org/Google Drive/SportsPhotos/Burst Photos/Copy of G05 South Side 00714.CR3 to burst_3.png
2024-03-06 17:37:28.816 | DEBUG    | imageautomation.utilities:debug:100 - Converted /home/chuckcage/Insync/chuckcage@corporation3355.org/Google Drive/SportsPhotos/Burst Photos/Copy of G05 South Side 00713.CR3 to burst_3.png
2024-03-06 17:37:31.833 | DEBUG    | imageautomation.utilities:debug:100 - Converted /home/chuckcage/Insync/chuckcage@corporation3355.org/Google Drive/SportsPhotos/Burst Photos/Copy of G05 South Side 00715.CR3 to burst_3.png
2024-03-06 17:37:34.870 | DEBUG    | imageautomation.utilities:debug:100 - Converted /home/chuckcage/Insync/chuckcage@corporation3355.org/Google Drive/SportsPhotos/Burst Photos/Copy of G05 South Side 00716.CR3 to burst_3.png
2024-03-06 17:37:37.855 | DEBUG    | imageautomation.utilities:debug:100 - Converted /home/chuckcage/Insync/chuckcage@corporation3355.org/Google Drive/SportsPhotos/Burst Photos/Copy of G05 South Side 00717.CR3 to burst_3.png
2024-03-06 17:37:40.878 | DEBUG    | imageautomation.utilities:debug:100 - Converted /home/chuckcage/Insync/chuckcage@corporation3355.org/Google Drive/SportsPhotos/Burst Photos/Copy of G05 South Side 00718.CR3 to burst_3.png
2024-03-06 17:37:43.931 | DEBUG    | imageautomation.utilities:debug:100 - Converted /home/chuckcage/Insync/chuckcage@corporation3355.org/Google Drive/SportsPhotos/Burst Photos/Copy of G05 South Side 00719.CR3 to burst_3.png
2024-03-06 17:37:46.941 | DEBUG    | imageautomation.utilities:debug:100 - Converted /home/chuckcage/Insync/chuckcage@corporation3355.org/Google Drive/SportsPhotos/Burst Photos/Copy of G05 South Side 00720.CR3 to burst_3.png
2024-03-06 17:37:49.968 | DEBUG    | imageautomation.utilities:debug:100 - Converted /home/chuckcage/Insync/chuckcage@corporation3355.org/Google Drive/SportsPhotos/Burst Photos/Copy of G05 South Side 00721.CR3 to burst_3.png
2024-03-06 17:37:52.995 | DEBUG    | imageautomation.utilities:debug:100 - Converted /home/chuckcage/Insync/chuckcage@corporation3355.org/Google Drive/SportsPhotos/Burst Photos/Copy of G05 South Side 00722.CR3 to burst_3.png
2024-03-06 17:37:56.009 | DEBUG    | imageautomation.utilities:debug:100 - Converted /home/chuckcage/Insync/chuckcage@corporation3355.org/Google Drive/SportsPhotos/Burst Photos/Copy of G05 South Side 00723.CR3 to burst_3.png
2024-03-06 17:37:59.028 | DEBUG    | imageautomation.utilities:debug:100 - Converted /home/chuckcage/Insync/chuckcage@corporation3355.org/Google Drive/SportsPhotos/Burst Photos/Copy of G05 South Side 00724.CR3 to burst_3.png
2024-03-06 17:38:02.041 | DEBUG    | imageautomation.utilities:debug:100 - Converted /home/chuckcage/Insync/chuckcage@corporation3355.org/Google Drive/SportsPhotos/Burst Photos/Copy of G05 South Side 00725.CR3 to burst_3.png
2024-03-06 17:38:05.088 | DEBUG    | imageautomation.utilities:debug:100 - Converted /home/chuckcage/Insync/chuckcage@corporation3355.org/Google Drive/SportsPhotos/Burst Photos/Copy of G05 South Side 00726.CR3 to burst_3.png
2024-03-06 17:38:08.111 | DEBUG    | imageautomation.utilities:debug:100 - Converted /home/chuckcage/Insync/chuckcage@corporation3355.org/Google Drive/SportsPhotos/Burst Photos/Copy of G05 South Side 00727.CR3 to burst_3.png
2024-03-06 17:38:11.134 | DEBUG    | imageautomation.utilities:debug:100 - Converted /home/chuckcage/Insync/chuckcage@corporation3355.org/Google Drive/SportsPhotos/Burst Photos/Copy of G05 South Side 00728.CR3 to burst_3.png
2024-03-06 17:38:14.161 | DEBUG    | imageautomation.utilities:debug:100 - Converted /home/chuckcage/Insync/chuckcage@corporation3355.org/Google Drive/SportsPhotos/Burst Photos/Copy of G05 South Side 00729.CR3 to burst_3.png
2024-03-06 17:38:17.165 | DEBUG    | imageautomation.utilities:debug:100 - Converted /home/chuckcage/Insync/chuckcage@corporation3355.org/Google Drive/SportsPhotos/Burst Photos/Copy of G05 South Side 00730.CR3 to burst_3.png
2024-03-06 17:38:20.204 | DEBUG    | imageautomation.utilities:debug:100 - Converted /home/chuckcage/Insync/chuckcage@corporation3355.org/Google Drive/SportsPhotos/Burst Photos/Copy of G05 South Side 00731.CR3 to burst_3.png
2024-03-06 17:38:23.254 | DEBUG    | imageautomation.utilities:debug:100 - Converted /home/chuckcage/Insync/chuckcage@corporation3355.org/Google Drive/SportsPhotos/Burst Photos/Copy of G05 South Side 00732.CR3 to burst_3.png
2024-03-06 17:38:26.257 | DEBUG    | imageautomation.utilities:debug:100 - Converted /home/chuckcage/Insync/chuckcage@corporation3355.org/Google Drive/SportsPhotos/Burst Photos/Copy of G05 South Side 00733.CR3 to burst_3.png
2024-03-06 17:38:29.277 | DEBUG    | imageautomation.utilities:debug:100 - Converted /home/chuckcage/Insync/chuckcage@corporation3355.org/Google Drive/SportsPhotos/Burst Photos/Copy of G05 South Side 00734.CR3 to burst_3.png
2024-03-06 17:38:32.305 | DEBUG    | imageautomation.utilities:debug:100 - Converted /home/chuckcage/Insync/chuckcage@corporation3355.org/Google Drive/SportsPhotos/Burst Photos/Copy of G05 South Side 00735.CR3 to burst_3.png
2024-03-06 17:38:35.326 | DEBUG    | imageautomation.utilities:debug:100 - Converted /home/chuckcage/Insync/chuckcage@corporation3355.org/Google Drive/SportsPhotos/Burst Photos/Copy of G05 South Side 00736.CR3 to burst_3.png
2024-03-06 17:38:38.343 | DEBUG    | imageautomation.utilities:debug:100 - Converted /home/chuckcage/Insync/chuckcage@corporation3355.org/Google Drive/SportsPhotos/Burst Photos/Copy of G05 South Side 00737.CR3 to burst_3.png
2024-03-06 17:38:41.387 | DEBUG    | imageautomation.utilities:debug:100 - Converted /home/chuckcage/Insync/chuckcage@corporation3355.org/Google Drive/SportsPhotos/Burst Photos/Copy of G05 South Side 00738.CR3 to burst_3.png
2024-03-06 17:38:44.402 | DEBUG    | imageautomation.utilities:debug:100 - Converted /home/chuckcage/Insync/chuckcage@corporation3355.org/Google Drive/SportsPhotos/Burst Photos/Copy of G05 South Side 00739.CR3 to burst_3.png
2024-03-06 17:38:47.452 | DEBUG    | imageautomation.utilities:debug:100 - Converted /home/chuckcage/Insync/chuckcage@corporation3355.org/Google Drive/SportsPhotos/Burst Photos/Copy of G05 South Side 00740.CR3 to burst_3.png
2024-03-06 17:38:50.471 | DEBUG    | imageautomation.utilities:debug:100 - Converted /home/chuckcage/Insync/chuckcage@corporation3355.org/Google Drive/SportsPhotos/Burst Photos/Copy of G05 South Side 00741.CR3 to burst_3.png
2024-03-06 17:38:53.484 | DEBUG    | imageautomation.utilities:debug:100 - Converted /home/chuckcage/Insync/chuckcage@corporation3355.org/Google Drive/SportsPhotos/Burst Photos/Copy of G05 South Side 00742.CR3 to burst_3.png
2024-03-06 17:38:56.516 | DEBUG    | imageautomation.utilities:debug:100 - Converted /home/chuckcage/Insync/chuckcage@corporation3355.org/Google Drive/SportsPhotos/Burst Photos/Copy of G05 South Side 00743.CR3 to burst_3.png
2024-03-06 17:38:59.528 | DEBUG    | imageautomation.utilities:debug:100 - Converted /home/chuckcage/Insync/chuckcage@corporation3355.org/Google Drive/SportsPhotos/Burst Photos/Copy of G05 South Side 00744.CR3 to burst_3.png
2024-03-06 17:39:02.555 | DEBUG    | imageautomation.utilities:debug:100 - Converted /home/chuckcage/Insync/chuckcage@corporation3355.org/Google Drive/SportsPhotos/Burst Photos/Copy of G05 South Side 00745.CR3 to burst_3.png
2024-03-06 17:39:05.551 | DEBUG    | imageautomation.utilities:debug:100 - Converted /home/chuckcage/Insync/chuckcage@corporation3355.org/Google Drive/SportsPhotos/Burst Photos/Copy of G05 South Side 00746.CR3 to burst_3.png
2024-03-06 17:39:08.552 | DEBUG    | imageautomation.utilities:debug:100 - Converted /home/chuckcage/Insync/chuckcage@corporation3355.org/Google Drive/SportsPhotos/Burst Photos/Copy of G05 South Side 00747.CR3 to burst_3.png
2024-03-06 17:39:11.542 | DEBUG    | imageautomation.utilities:debug:100 - Converted /home/chuckcage/Insync/chuckcage@corporation3355.org/Google Drive/SportsPhotos/Burst Photos/Copy of G05 South Side 00748.CR3 to burst_3.png
2024-03-06 17:39:14.579 | DEBUG    | imageautomation.utilities:debug:100 - Converted /home/chuckcage/Insync/chuckcage@corporation3355.org/Google Drive/SportsPhotos/Burst Photos/Copy of G05 South Side 00749.CR3 to burst_3.png
2024-03-06 17:39:17.579 | DEBUG    | imageautomation.utilities:debug:100 - Converted /home/chuckcage/Insync/chuckcage@corporation3355.org/Google Drive/SportsPhotos/Burst Photos/Copy of G05 South Side 00750.CR3 to burst_3.png
2024-03-06 17:39:20.624 | DEBUG    | imageautomation.utilities:debug:100 - Converted /home/chuckcage/Insync/chuckcage@corporation3355.org/Google Drive/SportsPhotos/Burst Photos/Copy of G05 South Side 00751.CR3 to burst_3.png
2024-03-06 17:39:23.658 | DEBUG    | imageautomation.utilities:debug:100 - Converted /home/chuckcage/Insync/chuckcage@corporation3355.org/Google Drive/SportsPhotos/Burst Photos/Copy of G05 South Side 00752.CR3 to burst_3.png
2024-03-06 17:39:26.696 | DEBUG    | imageautomation.utilities:debug:100 - Converted /home/chuckcage/Insync/chuckcage@corporation3355.org/Google Drive/SportsPhotos/Burst Photos/Copy of G05 South Side 00753.CR3 to burst_3.png
2024-03-06 17:39:29.746 | DEBUG    | imageautomation.utilities:debug:100 - Converted /home/chuckcage/Insync/chuckcage@corporation3355.org/Google Drive/SportsPhotos/Burst Photos/Copy of G05 South Side 00754.CR3 to burst_3.png
2024-03-06 17:39:32.770 | DEBUG    | imageautomation.utilities:debug:100 - Converted /home/chuckcage/Insync/chuckcage@corporation3355.org/Google Drive/SportsPhotos/Burst Photos/Copy of G05 South Side 00755.CR3 to burst_3.png
2024-03-06 17:39:35.830 | DEBUG    | imageautomation.utilities:debug:100 - Converted /home/chuckcage/Insync/chuckcage@corporation3355.org/Google Drive/SportsPhotos/Burst Photos/Copy of G05 South Side 00756.CR3 to burst_3.png
2024-03-06 17:39:38.879 | DEBUG    | imageautomation.utilities:debug:100 - Converted /home/chuckcage/Insync/chuckcage@corporation3355.org/Google Drive/SportsPhotos/Burst Photos/Copy of G05 South Side 00757.CR3 to burst_3.png
2024-03-06 17:39:41.916 | DEBUG    | imageautomation.utilities:debug:100 - Converted /home/chuckcage/Insync/chuckcage@corporation3355.org/Google Drive/SportsPhotos/Burst Photos/Copy of G05 South Side 00758.CR3 to burst_3.png
2024-03-06 17:39:44.963 | DEBUG    | imageautomation.utilities:debug:100 - Converted /home/chuckcage/Insync/chuckcage@corporation3355.org/Google Drive/SportsPhotos/Burst Photos/Copy of G05 South Side 00758 (2).CR3 to burst_3.png
2024-03-06 17:39:47.998 | DEBUG    | imageautomation.utilities:debug:100 - Converted /home/chuckcage/Insync/chuckcage@corporation3355.org/Google Drive/SportsPhotos/Burst Photos/Copy of G05 South Side 00759.CR3 to burst_3.png
2024-03-06 17:39:51.051 | DEBUG    | imageautomation.utilities:debug:100 - Converted /home/chuckcage/Insync/chuckcage@corporation3355.org/Google Drive/SportsPhotos/Burst Photos/Copy of G05 South Side 00759 (2).CR3 to burst_3.png
2024-03-06 17:39:54.101 | DEBUG    | imageautomation.utilities:debug:100 - Converted /home/chuckcage/Insync/chuckcage@corporation3355.org/Google Drive/SportsPhotos/Burst Photos/Copy of G05 South Side 00760 (2).CR3 to burst_3.png
2024-03-06 17:39:57.135 | DEBUG    | imageautomation.utilities:debug:100 - Converted /home/chuckcage/Insync/chuckcage@corporation3355.org/Google Drive/SportsPhotos/Burst Photos/Copy of G05 South Side 00760.CR3 to burst_3.png
2024-03-06 17:40:00.168 | DEBUG    | imageautomation.utilities:debug:100 - Converted /home/chuckcage/Insync/chuckcage@corporation3355.org/Google Drive/SportsPhotos/Burst Photos/Copy of G05 South Side 00761 (2).CR3 to burst_3.png
2024-03-06 17:40:03.261 | DEBUG    | imageautomation.utilities:debug:100 - Converted /home/chuckcage/Insync/chuckcage@corporation3355.org/Google Drive/SportsPhotos/Burst Photos/Copy of G05 South Side 00761.CR3 to burst_3.png
2024-03-06 17:40:06.343 | DEBUG    | imageautomation.utilities:debug:100 - Converted /home/chuckcage/Insync/chuckcage@corporation3355.org/Google Drive/SportsPhotos/Burst Photos/Copy of G05 South Side 00762 (2).CR3 to burst_3.png
2024-03-06 17:40:09.393 | DEBUG    | imageautomation.utilities:debug:100 - Converted /home/chuckcage/Insync/chuckcage@corporation3355.org/Google Drive/SportsPhotos/Burst Photos/Copy of G05 South Side 00762.CR3 to burst_3.png
2024-03-06 17:40:10.969 | DEBUG    | imageautomation.utilities:debug:100 - Created burst_3.mp4
2024-03-06 17:40:10.969 | DEBUG    | imageautomation.utilities:debug:100 - Created MP4 from PNGs for burst_3
2024-03-06 17:40:12.185 | DEBUG    | imageautomation.utilities:debug:100 - Stabilization analysis complete for burst_3.mp4
2024-03-06 17:40:14.172 | DEBUG    | imageautomation.utilities:debug:100 - Stabilized MP4 for burst_3
2024-03-06 17:40:15.930 | DEBUG    | imageautomation.utilities:debug:100 - Created burst_3.gif
2024-03-06 17:40:15.930 | DEBUG    | imageautomation.utilities:debug:100 - Created GIF from MP4 for burst_3
2024-03-06 17:40:15.932 | DEBUG    | imageautomation.utilities:debug:100 - Moved /home/chuckcage/.burstrender/working/burst_3.mp4 to /home/chuckcage/gitlab/burstrender/burst_3.mp4
2024-03-06 17:40:15.933 | DEBUG    | imageautomation.utilities:debug:100 - Moved /home/chuckcage/.burstrender/working/burst_3-stabilized.mp4 to /home/chuckcage/gitlab/burstrender/burst_3-stabilized.mp4
2024-03-06 17:40:15.936 | DEBUG    | imageautomation.utilities:debug:100 - Moved /home/chuckcage/.burstrender/working/burst_3.gif to /home/chuckcage/gitlab/burstrender/burst_3.gif
2024-03-06 17:40:15.950 | DEBUG    | imageautomation.utilities:debug:100 - Removed files: /home/chuckcage/.burstrender/working/burst_3-image_*.png
2024-03-06 17:40:15.951 | DEBUG    | imageautomation.utilities:debug:100 - Removed files: /home/chuckcage/.burstrender/working/burst_3.trf
2024-03-06 17:40:15.951 | SUCCESS  | imageautomation.utilities:success:104 - Completed burst 3
2024-03-06 17:48:16.355 | DEBUG    | imageautomation.utilities:debug:102 - Working directory confirmed/created: /home/chuckcage/.burstrender/working
2024-03-06 17:48:16.356 | DEBUG    | imageautomation.utilities:debug:102 - Removed files: /home/chuckcage/.burstrender/working/*.png
2024-03-06 17:48:16.356 | DEBUG    | imageautomation.utilities:debug:102 - Removed files: /home/chuckcage/.burstrender/working/*.trf
2024-03-06 17:48:16.357 | DEBUG    | imageautomation.utilities:debug:102 - Removed files: /home/chuckcage/.burstrender/working/*.mp4
2024-03-06 17:48:16.358 | DEBUG    | imageautomation.utilities:debug:102 - Removed files: /home/chuckcage/.burstrender/working/*.gif
2024-03-06 17:48:16.358 | DEBUG    | imageautomation.utilities:debug:102 - Cleared working directory: /home/chuckcage/.burstrender/working
2024-03-06 17:48:16.358 | DEBUG    | imageautomation.utilities:debug:102 - Default source path: /home/chuckcage/Insync/chuckcage@corporation3355.org/Google Drive/SportsPhotos/Burst Photos
2024-03-06 17:48:16.358 | DEBUG    | imageautomation.utilities:debug:102 - Default destination path: /home/chuckcage/gitlab/burstrender
2024-03-06 17:48:16.358 | DEBUG    | imageautomation.utilities:debug:102 - Default seconds between bursts: 2
2024-03-06 17:48:16.358 | DEBUG    | imageautomation.utilities:debug:102 - Default minimum burst length: 10
2024-03-06 17:48:19.679 | DEBUG    | imageautomation.utilities:debug:102 - Extracted EXIF data from 163 CR3 files
2024-03-06 17:48:19.691 | DEBUG    | imageautomation.utilities:debug:102 - Detected 3 burst(s)
2024-03-06 17:48:19.691 | DEBUG    | imageautomation.utilities:debug:102 - Output data for --detect-only
2024-03-06 17:48:30.491 | DEBUG    | imageautomation.utilities:debug:102 - Working directory confirmed/created: /home/chuckcage/.burstrender/working
2024-03-06 17:48:30.492 | DEBUG    | imageautomation.utilities:debug:102 - Removed files: /home/chuckcage/.burstrender/working/*.png
2024-03-06 17:48:30.493 | DEBUG    | imageautomation.utilities:debug:102 - Removed files: /home/chuckcage/.burstrender/working/*.trf
2024-03-06 17:48:30.494 | DEBUG    | imageautomation.utilities:debug:102 - Removed files: /home/chuckcage/.burstrender/working/*.mp4
2024-03-06 17:48:30.495 | DEBUG    | imageautomation.utilities:debug:102 - Removed files: /home/chuckcage/.burstrender/working/*.gif
2024-03-06 17:48:30.495 | DEBUG    | imageautomation.utilities:debug:102 - Cleared working directory: /home/chuckcage/.burstrender/working
2024-03-06 17:48:30.495 | DEBUG    | imageautomation.utilities:debug:102 - Default source path: /home/chuckcage/Insync/chuckcage@corporation3355.org/Google Drive/SportsPhotos/Burst Photos
2024-03-06 17:48:30.495 | DEBUG    | imageautomation.utilities:debug:102 - Default destination path: /home/chuckcage/gitlab/burstrender
2024-03-06 17:48:30.495 | DEBUG    | imageautomation.utilities:debug:102 - Default seconds between bursts: 2
2024-03-06 17:48:30.495 | DEBUG    | imageautomation.utilities:debug:102 - Default minimum burst length: 10
2024-03-06 17:48:33.794 | DEBUG    | imageautomation.utilities:debug:102 - Extracted EXIF data from 163 CR3 files
2024-03-06 17:48:33.806 | DEBUG    | imageautomation.utilities:debug:102 - Detected 3 burst(s)
2024-03-06 17:48:33.806 | DEBUG    | imageautomation.utilities:debug:102 - Output data for --detect-only
2024-03-06 17:53:25.949 | DEBUG    | imageautomation.utilities:debug:102 - Working directory confirmed/created: /home/chuckcage/.burstrender/working
2024-03-06 17:53:25.950 | DEBUG    | imageautomation.utilities:debug:102 - Removed files: /home/chuckcage/.burstrender/working/*.png
2024-03-06 17:53:25.951 | DEBUG    | imageautomation.utilities:debug:102 - Removed files: /home/chuckcage/.burstrender/working/*.trf
2024-03-06 17:53:25.951 | DEBUG    | imageautomation.utilities:debug:102 - Removed files: /home/chuckcage/.burstrender/working/*.mp4
2024-03-06 17:53:25.952 | DEBUG    | imageautomation.utilities:debug:102 - Removed files: /home/chuckcage/.burstrender/working/*.gif
2024-03-06 17:53:25.952 | DEBUG    | imageautomation.utilities:debug:102 - Cleared working directory: /home/chuckcage/.burstrender/working
2024-03-06 17:53:25.952 | DEBUG    | imageautomation.utilities:debug:102 - Default source path: /home/chuckcage/Insync/chuckcage@corporation3355.org/Google Drive/SportsPhotos/Burst Photos
2024-03-06 17:53:25.952 | DEBUG    | imageautomation.utilities:debug:102 - Default destination path: /home/chuckcage/gitlab/burstrender
2024-03-06 17:53:25.952 | DEBUG    | imageautomation.utilities:debug:102 - Default seconds between bursts: 2
2024-03-06 17:53:25.952 | DEBUG    | imageautomation.utilities:debug:102 - Default minimum burst length: 10
2024-03-07 08:49:25.346 | DEBUG    | imageautomation.utilities:debug:102 - Working directory confirmed/created: /home/chuckcage/.burstrender/working
2024-03-07 08:49:25.347 | DEBUG    | imageautomation.utilities:debug:102 - Removed files: /home/chuckcage/.burstrender/working/*.png
2024-03-07 08:49:25.348 | DEBUG    | imageautomation.utilities:debug:102 - Removed files: /home/chuckcage/.burstrender/working/*.trf
2024-03-07 08:49:25.349 | DEBUG    | imageautomation.utilities:debug:102 - Removed files: /home/chuckcage/.burstrender/working/*.mp4
2024-03-07 08:49:25.349 | DEBUG    | imageautomation.utilities:debug:102 - Removed files: /home/chuckcage/.burstrender/working/*.gif
2024-03-07 08:49:25.349 | DEBUG    | imageautomation.utilities:debug:102 - Cleared working directory: /home/chuckcage/.burstrender/working
2024-03-07 08:49:25.349 | DEBUG    | imageautomation.utilities:debug:102 - Default source path: /home/chuckcage/Insync/chuckcage@corporation3355.org/Google Drive/SportsPhotos/Burst Photos
2024-03-07 08:49:25.349 | DEBUG    | imageautomation.utilities:debug:102 - Default destination path: /home/chuckcage/gitlab/burstrender
2024-03-07 08:49:25.349 | DEBUG    | imageautomation.utilities:debug:102 - Default seconds between bursts: 2
2024-03-07 08:49:25.350 | DEBUG    | imageautomation.utilities:debug:102 - Default minimum burst length: 10
2024-03-07 08:49:28.774 | DEBUG    | imageautomation.utilities:debug:102 - Extracted EXIF data from 163 CR3 files
2024-03-07 08:49:28.786 | DEBUG    | imageautomation.utilities:debug:102 - Detected 3 burst(s)
2024-03-07 08:49:28.786 | DEBUG    | imageautomation.utilities:debug:102 - Processing burst 1
2024-03-07 08:49:31.794 | DEBUG    | imageautomation.utilities:debug:102 - Converted /home/chuckcage/Insync/chuckcage@corporation3355.org/Google Drive/SportsPhotos/Burst Photos/Copy of G05 South Side 00085.CR3 to burst_1.png
2024-03-07 08:49:34.821 | DEBUG    | imageautomation.utilities:debug:102 - Converted /home/chuckcage/Insync/chuckcage@corporation3355.org/Google Drive/SportsPhotos/Burst Photos/Copy of G05 South Side 00084.CR3 to burst_1.png
2024-03-07 08:49:37.834 | DEBUG    | imageautomation.utilities:debug:102 - Converted /home/chuckcage/Insync/chuckcage@corporation3355.org/Google Drive/SportsPhotos/Burst Photos/Copy of G05 South Side 00086.CR3 to burst_1.png
2024-03-07 08:49:40.823 | DEBUG    | imageautomation.utilities:debug:102 - Converted /home/chuckcage/Insync/chuckcage@corporation3355.org/Google Drive/SportsPhotos/Burst Photos/Copy of G05 South Side 00087.CR3 to burst_1.png
2024-03-07 08:51:42.218 | DEBUG    | imageautomation.utilities:debug:102 - Working directory confirmed/created: /home/chuckcage/.burstrender/working
2024-03-07 08:51:42.220 | DEBUG    | imageautomation.utilities:debug:102 - Removed files: /home/chuckcage/.burstrender/working/*.png
2024-03-07 08:51:42.221 | DEBUG    | imageautomation.utilities:debug:102 - Removed files: /home/chuckcage/.burstrender/working/*.trf
2024-03-07 08:51:42.222 | DEBUG    | imageautomation.utilities:debug:102 - Removed files: /home/chuckcage/.burstrender/working/*.mp4
2024-03-07 08:51:42.223 | DEBUG    | imageautomation.utilities:debug:102 - Removed files: /home/chuckcage/.burstrender/working/*.gif
2024-03-07 08:51:42.223 | DEBUG    | imageautomation.utilities:debug:102 - Cleared working directory: /home/chuckcage/.burstrender/working
2024-03-07 08:51:42.223 | DEBUG    | imageautomation.utilities:debug:102 - Default source path: /home/chuckcage/Insync/chuckcage@corporation3355.org/Google Drive/SportsPhotos/Burst Photos
2024-03-07 08:51:42.223 | DEBUG    | imageautomation.utilities:debug:102 - Default destination path: /home/chuckcage/gitlab/burstrender
2024-03-07 08:51:42.223 | DEBUG    | imageautomation.utilities:debug:102 - Default seconds between bursts: 2
2024-03-07 08:51:42.223 | DEBUG    | imageautomation.utilities:debug:102 - Default minimum burst length: 10
2024-03-07 08:51:45.666 | DEBUG    | imageautomation.utilities:debug:102 - Extracted EXIF data from 163 CR3 files
2024-03-07 08:51:45.678 | DEBUG    | imageautomation.utilities:debug:102 - Detected 3 burst(s)
2024-03-07 08:51:45.678 | DEBUG    | imageautomation.utilities:debug:102 - Processing burst 1
2024-03-07 08:51:48.711 | DEBUG    | imageautomation.utilities:debug:102 - Converted /home/chuckcage/Insync/chuckcage@corporation3355.org/Google Drive/SportsPhotos/Burst Photos/Copy of G05 South Side 00085.CR3 to burst_1.png
2024-03-07 08:51:51.715 | DEBUG    | imageautomation.utilities:debug:102 - Converted /home/chuckcage/Insync/chuckcage@corporation3355.org/Google Drive/SportsPhotos/Burst Photos/Copy of G05 South Side 00084.CR3 to burst_1.png
2024-03-07 08:51:54.719 | DEBUG    | imageautomation.utilities:debug:102 - Converted /home/chuckcage/Insync/chuckcage@corporation3355.org/Google Drive/SportsPhotos/Burst Photos/Copy of G05 South Side 00086.CR3 to burst_1.png
2024-03-07 08:51:57.724 | DEBUG    | imageautomation.utilities:debug:102 - Converted /home/chuckcage/Insync/chuckcage@corporation3355.org/Google Drive/SportsPhotos/Burst Photos/Copy of G05 South Side 00087.CR3 to burst_1.png
2024-03-07 09:13:07.024 | DEBUG    | imageautomation.utilities:debug:102 - Working directory confirmed/created: /home/chuckcage/.burstrender/working
2024-03-07 09:13:07.026 | DEBUG    | imageautomation.utilities:debug:102 - Removed files: /home/chuckcage/.burstrender/working/*.png
2024-03-07 09:13:07.026 | DEBUG    | imageautomation.utilities:debug:102 - Removed files: /home/chuckcage/.burstrender/working/*.trf
2024-03-07 09:13:07.027 | DEBUG    | imageautomation.utilities:debug:102 - Removed files: /home/chuckcage/.burstrender/working/*.mp4
2024-03-07 09:13:07.028 | DEBUG    | imageautomation.utilities:debug:102 - Removed files: /home/chuckcage/.burstrender/working/*.gif
2024-03-07 09:13:07.028 | DEBUG    | imageautomation.utilities:debug:102 - Cleared working directory: /home/chuckcage/.burstrender/working
2024-03-07 09:13:07.028 | DEBUG    | imageautomation.utilities:debug:102 - Default source path: /home/chuckcage/Insync/chuckcage@corporation3355.org/Google Drive/SportsPhotos/Burst Photos
2024-03-07 09:13:07.028 | DEBUG    | imageautomation.utilities:debug:102 - Default destination path: /home/chuckcage/gitlab/burstrender
2024-03-07 09:13:07.028 | DEBUG    | imageautomation.utilities:debug:102 - Default seconds between bursts: 2
2024-03-07 09:13:07.028 | DEBUG    | imageautomation.utilities:debug:102 - Default minimum burst length: 10
2024-03-07 09:13:07.028 | DEBUG    | imageautomation.utilities:debug:102 - Default modulate string: 120
2024-03-07 09:13:10.404 | DEBUG    | imageautomation.utilities:debug:102 - Extracted EXIF data from 163 CR3 files
2024-03-07 09:13:10.416 | DEBUG    | imageautomation.utilities:debug:102 - Detected 3 burst(s)
2024-03-07 09:13:10.416 | DEBUG    | imageautomation.utilities:debug:102 - Processing burst 1
2024-03-07 09:13:13.425 | DEBUG    | imageautomation.utilities:debug:102 - Converted /home/chuckcage/Insync/chuckcage@corporation3355.org/Google Drive/SportsPhotos/Burst Photos/Copy of G05 South Side 00085.CR3 to burst_1.png
2024-03-07 09:13:53.023 | DEBUG    | imageautomation.utilities:debug:102 - Working directory confirmed/created: /home/chuckcage/.burstrender/working
2024-03-07 09:13:53.024 | DEBUG    | imageautomation.utilities:debug:102 - Removed files: /home/chuckcage/.burstrender/working/*.png
2024-03-07 09:13:53.025 | DEBUG    | imageautomation.utilities:debug:102 - Removed files: /home/chuckcage/.burstrender/working/*.trf
2024-03-07 09:13:53.026 | DEBUG    | imageautomation.utilities:debug:102 - Removed files: /home/chuckcage/.burstrender/working/*.mp4
2024-03-07 09:13:53.026 | DEBUG    | imageautomation.utilities:debug:102 - Removed files: /home/chuckcage/.burstrender/working/*.gif
2024-03-07 09:13:53.026 | DEBUG    | imageautomation.utilities:debug:102 - Cleared working directory: /home/chuckcage/.burstrender/working
2024-03-07 09:13:53.026 | DEBUG    | imageautomation.utilities:debug:102 - Default source path: /home/chuckcage/Insync/chuckcage@corporation3355.org/Google Drive/SportsPhotos/Burst Photos
2024-03-07 09:13:53.026 | DEBUG    | imageautomation.utilities:debug:102 - Default destination path: /home/chuckcage/gitlab/burstrender
2024-03-07 09:13:53.026 | DEBUG    | imageautomation.utilities:debug:102 - Default seconds between bursts: 2
2024-03-07 09:13:53.026 | DEBUG    | imageautomation.utilities:debug:102 - Default minimum burst length: 10
2024-03-07 09:13:53.026 | DEBUG    | imageautomation.utilities:debug:102 - Default modulate string: 120
2024-03-07 09:13:57.157 | DEBUG    | imageautomation.utilities:debug:102 - Extracted EXIF data from 163 CR3 files
2024-03-07 09:13:57.182 | DEBUG    | imageautomation.utilities:debug:102 - Detected 3 burst(s)
2024-03-07 09:14:00.154 | DEBUG    | imageautomation.utilities:debug:102 - Converted /home/chuckcage/Insync/chuckcage@corporation3355.org/Google Drive/SportsPhotos/Burst Photos/Copy of G05 South Side 00085.CR3 to burst_1.png
2024-03-07 09:14:03.239 | DEBUG    | imageautomation.utilities:debug:102 - Converted /home/chuckcage/Insync/chuckcage@corporation3355.org/Google Drive/SportsPhotos/Burst Photos/Copy of G05 South Side 00664.CR3 to burst_2.png
2024-03-07 09:14:06.290 | DEBUG    | imageautomation.utilities:debug:102 - Converted /home/chuckcage/Insync/chuckcage@corporation3355.org/Google Drive/SportsPhotos/Burst Photos/Copy of G05 South Side 00714.CR3 to burst_3.png
2024-03-07 09:14:55.940 | DEBUG    | imageautomation.utilities:debug:102 - Working directory confirmed/created: /home/chuckcage/.burstrender/working
2024-03-07 09:14:55.941 | DEBUG    | imageautomation.utilities:debug:102 - Removed files: /home/chuckcage/.burstrender/working/*.png
2024-03-07 09:14:55.942 | DEBUG    | imageautomation.utilities:debug:102 - Removed files: /home/chuckcage/.burstrender/working/*.trf
2024-03-07 09:14:55.943 | DEBUG    | imageautomation.utilities:debug:102 - Removed files: /home/chuckcage/.burstrender/working/*.mp4
2024-03-07 09:14:55.943 | DEBUG    | imageautomation.utilities:debug:102 - Removed files: /home/chuckcage/.burstrender/working/*.gif
2024-03-07 09:14:55.943 | DEBUG    | imageautomation.utilities:debug:102 - Cleared working directory: /home/chuckcage/.burstrender/working
2024-03-07 09:14:55.943 | DEBUG    | imageautomation.utilities:debug:102 - Default source path: /home/chuckcage/Insync/chuckcage@corporation3355.org/Google Drive/SportsPhotos/Burst Photos
2024-03-07 09:14:55.943 | DEBUG    | imageautomation.utilities:debug:102 - Default destination path: /home/chuckcage/gitlab/burstrender
2024-03-07 09:14:55.944 | DEBUG    | imageautomation.utilities:debug:102 - Default seconds between bursts: 2
2024-03-07 09:14:55.944 | DEBUG    | imageautomation.utilities:debug:102 - Default minimum burst length: 10
2024-03-07 09:14:55.944 | DEBUG    | imageautomation.utilities:debug:102 - Modulate string from CLI arg: 150
2024-03-07 09:15:00.070 | DEBUG    | imageautomation.utilities:debug:102 - Extracted EXIF data from 163 CR3 files
2024-03-07 09:15:00.095 | DEBUG    | imageautomation.utilities:debug:102 - Detected 3 burst(s)
2024-03-07 09:15:03.119 | DEBUG    | imageautomation.utilities:debug:102 - Converted /home/chuckcage/Insync/chuckcage@corporation3355.org/Google Drive/SportsPhotos/Burst Photos/Copy of G05 South Side 00085.CR3 to burst_1.png
2024-03-07 09:15:06.129 | DEBUG    | imageautomation.utilities:debug:102 - Converted /home/chuckcage/Insync/chuckcage@corporation3355.org/Google Drive/SportsPhotos/Burst Photos/Copy of G05 South Side 00664.CR3 to burst_2.png
2024-03-07 09:15:09.171 | DEBUG    | imageautomation.utilities:debug:102 - Converted /home/chuckcage/Insync/chuckcage@corporation3355.org/Google Drive/SportsPhotos/Burst Photos/Copy of G05 South Side 00714.CR3 to burst_3.png
2024-03-07 09:15:51.070 | DEBUG    | imageautomation.utilities:debug:102 - Working directory confirmed/created: /home/chuckcage/.burstrender/working
2024-03-07 09:15:51.071 | DEBUG    | imageautomation.utilities:debug:102 - Removed files: /home/chuckcage/.burstrender/working/*.png
2024-03-07 09:15:51.072 | DEBUG    | imageautomation.utilities:debug:102 - Removed files: /home/chuckcage/.burstrender/working/*.trf
2024-03-07 09:15:51.073 | DEBUG    | imageautomation.utilities:debug:102 - Removed files: /home/chuckcage/.burstrender/working/*.mp4
2024-03-07 09:15:51.073 | DEBUG    | imageautomation.utilities:debug:102 - Removed files: /home/chuckcage/.burstrender/working/*.gif
2024-03-07 09:15:51.073 | DEBUG    | imageautomation.utilities:debug:102 - Cleared working directory: /home/chuckcage/.burstrender/working
2024-03-07 09:15:51.073 | DEBUG    | imageautomation.utilities:debug:102 - Default source path: /home/chuckcage/Insync/chuckcage@corporation3355.org/Google Drive/SportsPhotos/Burst Photos
2024-03-07 09:15:51.074 | DEBUG    | imageautomation.utilities:debug:102 - Default destination path: /home/chuckcage/gitlab/burstrender
2024-03-07 09:15:51.074 | DEBUG    | imageautomation.utilities:debug:102 - Default seconds between bursts: 2
2024-03-07 09:15:51.074 | DEBUG    | imageautomation.utilities:debug:102 - Default minimum burst length: 10
2024-03-07 09:15:51.074 | DEBUG    | imageautomation.utilities:debug:102 - Modulate string from CLI arg: 20
2024-03-07 09:15:55.270 | DEBUG    | imageautomation.utilities:debug:102 - Extracted EXIF data from 163 CR3 files
2024-03-07 09:15:55.295 | DEBUG    | imageautomation.utilities:debug:102 - Detected 3 burst(s)
2024-03-07 09:15:57.904 | DEBUG    | imageautomation.utilities:debug:102 - Converted /home/chuckcage/Insync/chuckcage@corporation3355.org/Google Drive/SportsPhotos/Burst Photos/Copy of G05 South Side 00085.CR3 to burst_1.png
2024-03-07 09:16:00.568 | DEBUG    | imageautomation.utilities:debug:102 - Converted /home/chuckcage/Insync/chuckcage@corporation3355.org/Google Drive/SportsPhotos/Burst Photos/Copy of G05 South Side 00664.CR3 to burst_2.png
2024-03-07 09:16:03.235 | DEBUG    | imageautomation.utilities:debug:102 - Converted /home/chuckcage/Insync/chuckcage@corporation3355.org/Google Drive/SportsPhotos/Burst Photos/Copy of G05 South Side 00714.CR3 to burst_3.png
2024-03-07 09:23:20.346 | DEBUG    | imageautomation.utilities:debug:102 - Working directory confirmed/created: /home/chuckcage/.burstrender/working
2024-03-07 09:23:20.347 | DEBUG    | imageautomation.utilities:debug:102 - Removed files: /home/chuckcage/.burstrender/working/*.png
2024-03-07 09:23:20.348 | DEBUG    | imageautomation.utilities:debug:102 - Removed files: /home/chuckcage/.burstrender/working/*.trf
2024-03-07 09:23:20.349 | DEBUG    | imageautomation.utilities:debug:102 - Removed files: /home/chuckcage/.burstrender/working/*.mp4
2024-03-07 09:23:20.350 | DEBUG    | imageautomation.utilities:debug:102 - Removed files: /home/chuckcage/.burstrender/working/*.gif
2024-03-07 09:23:20.350 | DEBUG    | imageautomation.utilities:debug:102 - Cleared working directory: /home/chuckcage/.burstrender/working
2024-03-07 09:23:20.350 | DEBUG    | imageautomation.utilities:debug:102 - Default source path: /home/chuckcage/Insync/chuckcage@corporation3355.org/Google Drive/SportsPhotos/Burst Photos
2024-03-07 09:23:20.350 | DEBUG    | imageautomation.utilities:debug:102 - Default destination path: /home/chuckcage/gitlab/burstrender
2024-03-07 09:23:20.350 | DEBUG    | imageautomation.utilities:debug:102 - Default seconds between bursts: 2
2024-03-07 09:23:20.350 | DEBUG    | imageautomation.utilities:debug:102 - Default minimum burst length: 10
2024-03-07 09:23:20.350 | DEBUG    | imageautomation.utilities:debug:102 - Modulate string from CLI arg: 20
2024-03-07 09:23:20.350 | DEBUG    | imageautomation.utilities:debug:102 - Default crop string: 6000x4000+0+0
2024-03-07 09:23:24.505 | DEBUG    | imageautomation.utilities:debug:102 - Extracted EXIF data from 163 CR3 files
2024-03-07 09:23:24.530 | DEBUG    | imageautomation.utilities:debug:102 - Detected 3 burst(s)
2024-03-07 09:23:27.163 | DEBUG    | imageautomation.utilities:debug:102 - Converted /home/chuckcage/Insync/chuckcage@corporation3355.org/Google Drive/SportsPhotos/Burst Photos/Copy of G05 South Side 00085.CR3 to burst_1.png
2024-03-07 09:23:29.834 | DEBUG    | imageautomation.utilities:debug:102 - Converted /home/chuckcage/Insync/chuckcage@corporation3355.org/Google Drive/SportsPhotos/Burst Photos/Copy of G05 South Side 00664.CR3 to burst_2.png
2024-03-07 09:23:32.444 | DEBUG    | imageautomation.utilities:debug:102 - Converted /home/chuckcage/Insync/chuckcage@corporation3355.org/Google Drive/SportsPhotos/Burst Photos/Copy of G05 South Side 00714.CR3 to burst_3.png
2024-03-07 09:24:21.701 | DEBUG    | imageautomation.utilities:debug:102 - Working directory confirmed/created: /home/chuckcage/.burstrender/working
2024-03-07 09:24:21.702 | DEBUG    | imageautomation.utilities:debug:102 - Removed files: /home/chuckcage/.burstrender/working/*.png
2024-03-07 09:24:21.703 | DEBUG    | imageautomation.utilities:debug:102 - Removed files: /home/chuckcage/.burstrender/working/*.trf
2024-03-07 09:24:21.704 | DEBUG    | imageautomation.utilities:debug:102 - Removed files: /home/chuckcage/.burstrender/working/*.mp4
2024-03-07 09:24:21.704 | DEBUG    | imageautomation.utilities:debug:102 - Removed files: /home/chuckcage/.burstrender/working/*.gif
2024-03-07 09:24:21.705 | DEBUG    | imageautomation.utilities:debug:102 - Cleared working directory: /home/chuckcage/.burstrender/working
2024-03-07 09:24:21.705 | DEBUG    | imageautomation.utilities:debug:102 - Default source path: /home/chuckcage/Insync/chuckcage@corporation3355.org/Google Drive/SportsPhotos/Burst Photos
2024-03-07 09:24:21.705 | DEBUG    | imageautomation.utilities:debug:102 - Default destination path: /home/chuckcage/gitlab/burstrender
2024-03-07 09:24:21.705 | DEBUG    | imageautomation.utilities:debug:102 - Default seconds between bursts: 2
2024-03-07 09:24:21.705 | DEBUG    | imageautomation.utilities:debug:102 - Default minimum burst length: 10
2024-03-07 09:24:21.705 | DEBUG    | imageautomation.utilities:debug:102 - Default modulate string: 120
2024-03-07 09:24:21.705 | DEBUG    | imageautomation.utilities:debug:102 - Crop string from CLI arg: 4000x2000+0+0
2024-03-07 09:24:25.873 | DEBUG    | imageautomation.utilities:debug:102 - Extracted EXIF data from 163 CR3 files
2024-03-07 09:24:25.899 | DEBUG    | imageautomation.utilities:debug:102 - Detected 3 burst(s)
2024-03-07 09:24:28.537 | DEBUG    | imageautomation.utilities:debug:102 - Converted /home/chuckcage/Insync/chuckcage@corporation3355.org/Google Drive/SportsPhotos/Burst Photos/Copy of G05 South Side 00085.CR3 to burst_1.png
2024-03-07 09:24:31.213 | DEBUG    | imageautomation.utilities:debug:102 - Converted /home/chuckcage/Insync/chuckcage@corporation3355.org/Google Drive/SportsPhotos/Burst Photos/Copy of G05 South Side 00664.CR3 to burst_2.png
2024-03-07 09:24:33.881 | DEBUG    | imageautomation.utilities:debug:102 - Converted /home/chuckcage/Insync/chuckcage@corporation3355.org/Google Drive/SportsPhotos/Burst Photos/Copy of G05 South Side 00714.CR3 to burst_3.png
2024-03-07 09:28:31.806 | DEBUG    | imageautomation.utilities:debug:102 - Working directory confirmed/created: /home/chuckcage/.burstrender/working
2024-03-07 09:28:31.808 | DEBUG    | imageautomation.utilities:debug:102 - Removed files: /home/chuckcage/.burstrender/working/*.png
2024-03-07 09:28:31.809 | DEBUG    | imageautomation.utilities:debug:102 - Removed files: /home/chuckcage/.burstrender/working/*.trf
2024-03-07 09:28:31.810 | DEBUG    | imageautomation.utilities:debug:102 - Removed files: /home/chuckcage/.burstrender/working/*.mp4
2024-03-07 09:28:31.810 | DEBUG    | imageautomation.utilities:debug:102 - Removed files: /home/chuckcage/.burstrender/working/*.gif
2024-03-07 09:28:31.810 | DEBUG    | imageautomation.utilities:debug:102 - Cleared working directory: /home/chuckcage/.burstrender/working
2024-03-07 09:28:31.810 | DEBUG    | imageautomation.utilities:debug:102 - Default source path: /home/chuckcage/Insync/chuckcage@corporation3355.org/Google Drive/SportsPhotos/Burst Photos
2024-03-07 09:28:31.810 | DEBUG    | imageautomation.utilities:debug:102 - Default destination path: /home/chuckcage/gitlab/burstrender
2024-03-07 09:28:31.810 | DEBUG    | imageautomation.utilities:debug:102 - Default seconds between bursts: 2
2024-03-07 09:28:31.810 | DEBUG    | imageautomation.utilities:debug:102 - Default minimum burst length: 10
2024-03-07 09:28:31.810 | DEBUG    | imageautomation.utilities:debug:102 - Default modulate string: 120
2024-03-07 09:28:31.810 | DEBUG    | imageautomation.utilities:debug:102 - Default crop string: 6000x4000+0+0
2024-03-07 09:28:31.811 | DEBUG    | imageautomation.utilities:debug:102 - Gravity string from CLI arg: NorthWest
2024-03-07 09:28:35.914 | DEBUG    | imageautomation.utilities:debug:102 - Extracted EXIF data from 163 CR3 files
2024-03-07 09:28:35.938 | DEBUG    | imageautomation.utilities:debug:102 - Detected 3 burst(s)
2024-03-07 09:28:38.968 | DEBUG    | imageautomation.utilities:debug:102 - Converted /home/chuckcage/Insync/chuckcage@corporation3355.org/Google Drive/SportsPhotos/Burst Photos/Copy of G05 South Side 00085.CR3 to burst_1.png
2024-03-07 09:28:42.038 | DEBUG    | imageautomation.utilities:debug:102 - Converted /home/chuckcage/Insync/chuckcage@corporation3355.org/Google Drive/SportsPhotos/Burst Photos/Copy of G05 South Side 00664.CR3 to burst_2.png
2024-03-07 09:28:45.068 | DEBUG    | imageautomation.utilities:debug:102 - Converted /home/chuckcage/Insync/chuckcage@corporation3355.org/Google Drive/SportsPhotos/Burst Photos/Copy of G05 South Side 00714.CR3 to burst_3.png
2024-03-07 10:14:32.510 | DEBUG    | imageautomation.utilities:debug:102 - Working directory confirmed/created: /home/chuckcage/.burstrender/working
2024-03-07 10:14:32.511 | DEBUG    | imageautomation.utilities:debug:102 - Removed files: /home/chuckcage/.burstrender/working/*.png
2024-03-07 10:14:32.511 | DEBUG    | imageautomation.utilities:debug:102 - Removed files: /home/chuckcage/.burstrender/working/*.trf
2024-03-07 10:14:32.512 | DEBUG    | imageautomation.utilities:debug:102 - Removed files: /home/chuckcage/.burstrender/working/*.mp4
2024-03-07 10:14:32.513 | DEBUG    | imageautomation.utilities:debug:102 - Removed files: /home/chuckcage/.burstrender/working/*.gif
2024-03-07 10:14:32.513 | DEBUG    | imageautomation.utilities:debug:102 - Cleared working directory: /home/chuckcage/.burstrender/working
2024-03-07 10:14:32.513 | DEBUG    | imageautomation.utilities:debug:102 - Default source path: /home/chuckcage/Insync/chuckcage@corporation3355.org/Google Drive/SportsPhotos/Burst Photos
2024-03-07 10:14:32.513 | DEBUG    | imageautomation.utilities:debug:102 - Default destination path: /home/chuckcage/gitlab/burstrender
2024-03-07 10:14:32.513 | DEBUG    | imageautomation.utilities:debug:102 - Default seconds between bursts: 2
2024-03-07 10:14:32.513 | DEBUG    | imageautomation.utilities:debug:102 - Default minimum burst length: 10
2024-03-07 10:14:32.513 | DEBUG    | imageautomation.utilities:debug:102 - Default modulate string: 120
2024-03-07 10:14:32.513 | DEBUG    | imageautomation.utilities:debug:102 - Default crop string: 6000x4000+0+0
2024-03-07 10:14:32.513 | DEBUG    | imageautomation.utilities:debug:102 - Default gravity string: SouthEast
2024-03-07 10:14:35.914 | DEBUG    | imageautomation.utilities:debug:102 - Extracted EXIF data from 163 CR3 files
2024-03-07 10:14:35.926 | DEBUG    | imageautomation.utilities:debug:102 - Detected 3 burst(s)
2024-03-07 10:14:35.926 | DEBUG    | imageautomation.utilities:debug:102 - Output data for --detect-only
